<?xml version="1.0" encoding="UTF-8"?>
<!-- Generated by org.testng.reporters.JUnitReportReporter -->
<testsuite hostname="SUHAS" failures="0" tests="1" name="testScripts.Test2" time="6.798" errors="0" timestamp="2024-06-28T11:52:51 IST" skipped="0">
  <testcase classname="testScripts.Test2" name="tc2" time="6.798"/>
  <system-out/>
</testsuite> <!-- testScripts.Test2 -->
