<?xml version="1.0" encoding="UTF-8"?>
<!-- Generated by org.testng.reporters.JUnitReportReporter -->
<testsuite hostname="SUHAS" failures="0" tests="1" name="testScripts.Test1" time="5.929" errors="0" timestamp="2024-06-28T11:52:51 IST" skipped="0">
  <testcase classname="testScripts.Test1" name="tc1" time="5.929"/>
  <system-out/>
</testsuite> <!-- testScripts.Test1 -->
