<?xml version="1.0" encoding="UTF-8"?>
<!-- Generated by org.testng.reporters.JUnitReportReporter -->
<testsuite hostname="SUHAS" failures="0" tests="1" name="testScripts.Test3" time="25.460" errors="0" timestamp="2024-06-28T11:41:05 IST" skipped="0">
  <testcase classname="testScripts.Test3" name="tc3" time="25.460"/>
  <system-out/>
</testsuite> <!-- testScripts.Test3 -->
